<?xml version="1.0" encoding="UTF-8"?>
<testng-results ignored="0" total="4" passed="4" failed="0" skipped="0">
  <reporter-output>
  </reporter-output>
  <suite started-at="2025-07-11T15:47:12 IST" name="Suite" finished-at="2025-07-11T15:49:13 IST" duration-ms="121473">
    <groups>
    </groups>
    <test started-at="2025-07-11T15:47:12 IST" name="OtherTests" finished-at="2025-07-11T15:48:50 IST" duration-ms="97768">
      <class name="testCases.T001_homePage">
        <test-method is-config="true" signature="setup()[pri:0, instance:testCases.T001_homePage@38425407]" started-at="2025-07-11T15:47:52 IST" name="setup" finished-at="2025-07-11T15:48:00 IST" duration-ms="8121" status="PASS">
          <reporter-output>
          </reporter-output>
        </test-method> <!-- setup -->
        <test-method signature="getResult()[pri:0, instance:testCases.T001_homePage@38425407]" started-at="2025-07-11T15:48:00 IST" name="getResult" finished-at="2025-07-11T15:48:47 IST" duration-ms="46174" status="PASS">
          <reporter-output>
          </reporter-output>
        </test-method> <!-- getResult -->
        <test-method is-config="true" signature="tearDown()[pri:0, instance:testCases.T001_homePage@38425407]" started-at="2025-07-11T15:48:47 IST" name="tearDown" finished-at="2025-07-11T15:48:50 IST" duration-ms="3059" status="PASS">
          <reporter-output>
          </reporter-output>
        </test-method> <!-- tearDown -->
      </class> <!-- testCases.T001_homePage -->
      <class name="testCases.T003_corporateWellness">
        <test-method is-config="true" signature="setup()[pri:0, instance:testCases.T003_corporateWellness@54d9d12d]" started-at="2025-07-11T15:47:12 IST" name="setup" finished-at="2025-07-11T15:47:21 IST" duration-ms="9066" status="PASS">
          <reporter-output>
          </reporter-output>
        </test-method> <!-- setup -->
        <test-method signature="fillDetails()[pri:0, instance:testCases.T003_corporateWellness@54d9d12d]" started-at="2025-07-11T15:47:21 IST" name="fillDetails" finished-at="2025-07-11T15:47:49 IST" duration-ms="27735" status="PASS">
          <reporter-output>
          </reporter-output>
        </test-method> <!-- fillDetails -->
        <test-method is-config="true" signature="tearDown()[pri:0, instance:testCases.T003_corporateWellness@54d9d12d]" started-at="2025-07-11T15:47:49 IST" name="tearDown" finished-at="2025-07-11T15:47:52 IST" duration-ms="3558" status="PASS">
          <reporter-output>
          </reporter-output>
        </test-method> <!-- tearDown -->
      </class> <!-- testCases.T003_corporateWellness -->
    </test> <!-- OtherTests -->
    <test started-at="2025-07-11T15:48:50 IST" name="GetTopCities" finished-at="2025-07-11T15:49:04 IST" duration-ms="14254">
      <class name="testCases.TC00X_GetTopCities">
        <test-method is-config="true" signature="setup()[pri:0, instance:testCases.TC00X_GetTopCities@4d1c00d0]" started-at="2025-07-11T15:48:50 IST" name="setup" finished-at="2025-07-11T15:48:58 IST" duration-ms="7838" status="PASS">
          <reporter-output>
          </reporter-output>
        </test-method> <!-- setup -->
        <test-method signature="getTopCities()[pri:0, instance:testCases.TC00X_GetTopCities@4d1c00d0]" started-at="2025-07-11T15:48:58 IST" name="getTopCities" finished-at="2025-07-11T15:49:02 IST" duration-ms="4086" status="PASS">
          <reporter-output>
          </reporter-output>
        </test-method> <!-- getTopCities -->
        <test-method is-config="true" signature="tearDown()[pri:0, instance:testCases.TC00X_GetTopCities@4d1c00d0]" started-at="2025-07-11T15:49:02 IST" name="tearDown" finished-at="2025-07-11T15:49:04 IST" duration-ms="2327" status="PASS">
          <reporter-output>
          </reporter-output>
        </test-method> <!-- tearDown -->
      </class> <!-- testCases.TC00X_GetTopCities -->
    </test> <!-- GetTopCities -->
    <test started-at="2025-07-11T15:49:04 IST" name="WriteExcelTopCities" finished-at="2025-07-11T15:49:13 IST" duration-ms="9395">
      <class name="testCases.TC00X_WriteExcelTopCities">
        <test-method is-config="true" signature="setup()[pri:0, instance:testCases.TC00X_WriteExcelTopCities@26794848]" started-at="2025-07-11T15:49:04 IST" name="setup" finished-at="2025-07-11T15:49:11 IST" duration-ms="7090" status="PASS">
          <reporter-output>
          </reporter-output>
        </test-method> <!-- setup -->
        <test-method signature="writeExcelData()[pri:0, instance:testCases.TC00X_WriteExcelTopCities@26794848]" started-at="2025-07-11T15:49:11 IST" name="writeExcelData" finished-at="2025-07-11T15:49:11 IST" duration-ms="362" status="PASS">
          <reporter-output>
          </reporter-output>
        </test-method> <!-- writeExcelData -->
        <test-method is-config="true" signature="tearDown()[pri:0, instance:testCases.TC00X_WriteExcelTopCities@26794848]" started-at="2025-07-11T15:49:11 IST" name="tearDown" finished-at="2025-07-11T15:49:13 IST" duration-ms="1939" status="PASS">
          <reporter-output>
          </reporter-output>
        </test-method> <!-- tearDown -->
      </class> <!-- testCases.TC00X_WriteExcelTopCities -->
    </test> <!-- WriteExcelTopCities -->
  </suite> <!-- Suite -->
</testng-results>
