<?xml version="1.0" encoding="UTF-8"?>
<testng-results ignored="0" total="1" passed="1" failed="0" skipped="0">
  <reporter-output>
  </reporter-output>
  <suite started-at="2025-07-11T13:21:39 IST" name="Default suite" finished-at="2025-07-11T13:22:39 IST" duration-ms="60243">
    <groups>
    </groups>
    <test started-at="2025-07-11T13:21:39 IST" name="Default test" finished-at="2025-07-11T13:22:39 IST" duration-ms="60243">
      <class name="testCases.T001_homePage">
        <test-method is-config="true" signature="setup()[pri:0, instance:testCases.T001_homePage@408d971b]" started-at="2025-07-11T13:21:39 IST" name="setup" finished-at="2025-07-11T13:21:48 IST" duration-ms="9393" status="PASS">
          <reporter-output>
          </reporter-output>
        </test-method> <!-- setup -->
        <test-method signature="getResult()[pri:0, instance:testCases.T001_homePage@408d971b]" started-at="2025-07-11T13:21:48 IST" name="getResult" finished-at="2025-07-11T13:22:35 IST" duration-ms="47188" status="PASS">
          <reporter-output>
          </reporter-output>
        </test-method> <!-- getResult -->
        <test-method is-config="true" signature="tearDown()[pri:0, instance:testCases.T001_homePage@408d971b]" started-at="2025-07-11T13:22:35 IST" name="tearDown" finished-at="2025-07-11T13:22:39 IST" duration-ms="3621" status="PASS">
          <reporter-output>
          </reporter-output>
        </test-method> <!-- tearDown -->
      </class> <!-- testCases.T001_homePage -->
    </test> <!-- Default test -->
  </suite> <!-- Default suite -->
</testng-results>
